<?xml version="1.0" encoding="utf-8"?><testsuites name="pytest tests"><testsuite name="pytest" errors="0" failures="0" skipped="0" tests="11" time="4.025" timestamp="2026-03-05T20:43:35.225242+00:00" hostname="agent-env-d8d6b4e7-86b6-4461-8d51-0e6705df1f60"><testcase classname="backend.tests.test_password_reset.TestForgotPassword" name="test_forgot_password_existing_email" time="0.286" /><testcase classname="backend.tests.test_password_reset.TestForgotPassword" name="test_forgot_password_nonexistent_email" time="0.111" /><testcase classname="backend.tests.test_password_reset.TestForgotPassword" name="test_forgot_password_invalid_email_format" time="0.126" /><testcase classname="backend.tests.test_password_reset.TestForgotPassword" name="test_forgot_password_empty_email" time="0.103" /><testcase classname="backend.tests.test_password_reset.TestResetPassword" name="test_reset_password_valid_token" time="0.488" /><testcase classname="backend.tests.test_password_reset.TestResetPassword" name="test_reset_password_invalid_token" time="0.120" /><testcase classname="backend.tests.test_password_reset.TestResetPassword" name="test_reset_password_short_password" time="0.217" /><testcase classname="backend.tests.test_password_reset.TestResetPassword" name="test_reset_password_empty_password" time="0.248" /><testcase classname="backend.tests.test_password_reset.TestResetPassword" name="test_reset_password_token_reuse" time="0.622" /><testcase classname="backend.tests.test_password_reset.TestLoginAfterReset" name="test_login_with_new_password" time="1.261" /><testcase classname="backend.tests.test_password_reset.TestCreateTestUser" name="test_ensure_test_user_exists" time="0.327" /></testsuite></testsuites>