<?xml version="1.0" encoding="utf-8"?><testsuites name="pytest tests"><testsuite name="pytest" errors="0" failures="0" skipped="0" tests="15" time="4.096" timestamp="2026-03-09T22:24:51.337430+00:00" hostname="agent-env-4b42db2c-f036-4ca2-82a0-0cc9043322fb"><testcase classname="backend.tests.test_price_admin_migration.TestAdminLogin" name="test_admin_login_new_account" time="0.408" /><testcase classname="backend.tests.test_price_admin_migration.TestAdminLogin" name="test_admin_old_login_route_removed" time="0.144" /><testcase classname="backend.tests.test_price_admin_migration.TestAdminLogin" name="test_admin_login_invalid_credentials" time="0.335" /><testcase classname="backend.tests.test_price_admin_migration.TestAdminEndpoints" name="test_admin_stats_accessible" time="0.448" /><testcase classname="backend.tests.test_price_admin_migration.TestAdminEndpoints" name="test_admin_stats_denied_without_token" time="0.111" /><testcase classname="backend.tests.test_price_admin_migration.TestAdminEndpoints" name="test_admin_v2_users" time="0.138" /><testcase classname="backend.tests.test_price_admin_migration.TestAdminEndpoints" name="test_admin_v2_users_denied_for_regular_user" time="0.476" /><testcase classname="backend.tests.test_price_admin_migration.TestDJProfilePriceField" name="test_get_dj_profiles_returns_price_field" time="0.135" /><testcase classname="backend.tests.test_price_admin_migration.TestDJProfilePriceField" name="test_create_dj_profile_with_price" time="0.111" /><testcase classname="backend.tests.test_price_admin_migration.TestDJProfilePriceField" name="test_create_dj_profile_rejects_missing_price" time="0.148" /><testcase classname="backend.tests.test_price_admin_migration.TestDJProfilePriceField" name="test_update_dj_profile_with_price" time="0.234" /><testcase classname="backend.tests.test_price_admin_migration.TestDJProfilePriceField" name="test_get_specific_dj_profile_has_price" time="0.324" /><testcase classname="backend.tests.test_price_admin_migration.TestDJProfilePriceField" name="test_dj_profiles_price_filter" time="0.105" /><testcase classname="backend.tests.test_price_admin_migration.TestBookingFlowWithPrice" name="test_booking_uses_dj_price" time="0.787" /><testcase classname="backend.tests.test_price_admin_migration.TestNoHourlyRateInDatabase" name="test_migrated_profiles_use_price_not_hourly_rate" time="0.132" /></testsuite></testsuites>