<?xml version="1.0" encoding="utf-8"?><testsuites name="pytest tests"><testsuite name="pytest" errors="0" failures="0" skipped="0" tests="13" time="1.947" timestamp="2026-03-05T19:28:39.363260+00:00" hostname="agent-env-8fc190cc-b9e4-4c35-96d1-d9c2f26f6f6f"><testcase classname="backend.tests.test_withdrawal_wallet.TestWalletAPI" name="test_get_wallet_returns_200" time="0.513" /><testcase classname="backend.tests.test_withdrawal_wallet.TestWalletAPI" name="test_wallet_response_format" time="0.058" /><testcase classname="backend.tests.test_withdrawal_wallet.TestWalletAPI" name="test_wallet_balances_are_numbers" time="0.060" /><testcase classname="backend.tests.test_withdrawal_wallet.TestWithdrawalAPI" name="test_withdrawal_requires_minimum_50" time="0.069" /><testcase classname="backend.tests.test_withdrawal_wallet.TestWithdrawalAPI" name="test_withdrawal_requires_iban_for_bank" time="0.057" /><testcase classname="backend.tests.test_withdrawal_wallet.TestWithdrawalAPI" name="test_withdrawal_insufficient_balance" time="0.117" /><testcase classname="backend.tests.test_withdrawal_wallet.TestWithdrawalAPI" name="test_withdrawal_valid_request_format" time="0.089" /><testcase classname="backend.tests.test_withdrawal_wallet.TestEarningsAPI" name="test_get_earnings_returns_200" time="0.063" /><testcase classname="backend.tests.test_withdrawal_wallet.TestEarningsAPI" name="test_get_earnings_with_status_filter" time="0.069" /><testcase classname="backend.tests.test_withdrawal_wallet.TestWithdrawalsHistoryAPI" name="test_get_withdrawals_returns_200" time="0.066" /><testcase classname="backend.tests.test_withdrawal_wallet.TestAuthRequired" name="test_wallet_requires_auth" time="0.126" /><testcase classname="backend.tests.test_withdrawal_wallet.TestAuthRequired" name="test_withdrawal_requires_auth" time="0.144" /><testcase classname="backend.tests.test_withdrawal_wallet.TestDJOnlyAccess" name="test_organizer_cannot_access_wallet" time="0.408" /></testsuite></testsuites>