<?xml version="1.0" encoding="utf-8"?><testsuites name="pytest tests"><testsuite name="pytest" errors="0" failures="0" skipped="0" tests="16" time="5.809" timestamp="2026-03-10T03:47:24.872484+00:00" hostname="agent-env-4b42db2c-f036-4ca2-82a0-0cc9043322fb"><testcase classname="backend.tests.test_stripe_email_featured.TestEmailVerificationOnRegister" name="test_register_returns_email_not_verified" time="1.233" /><testcase classname="backend.tests.test_stripe_email_featured.TestEmailVerificationOnRegister" name="test_register_creates_user_with_id" time="0.549" /><testcase classname="backend.tests.test_stripe_email_featured.TestEmailVerificationEndpoint" name="test_verify_email_invalid_token_returns_400" time="0.055" /><testcase classname="backend.tests.test_stripe_email_featured.TestEmailVerificationEndpoint" name="test_verify_email_valid_flow" time="0.547" /><testcase classname="backend.tests.test_stripe_email_featured.TestStripeBookingCheckout" name="test_stripe_checkout_requires_auth" time="0.055" /><testcase classname="backend.tests.test_stripe_email_featured.TestStripeBookingCheckout" name="test_stripe_checkout_invalid_booking_id" time="0.338" /><testcase classname="backend.tests.test_stripe_email_featured.TestStripeBookingCheckout" name="test_stripe_checkout_with_valid_booking" time="1.018" /><testcase classname="backend.tests.test_stripe_email_featured.TestDJFeaturedCheckout" name="test_featured_checkout_requires_auth" time="0.050" /><testcase classname="backend.tests.test_stripe_email_featured.TestDJFeaturedCheckout" name="test_featured_checkout_organizer_gets_403" time="0.056" /><testcase classname="backend.tests.test_stripe_email_featured.TestDJFeaturedCheckout" name="test_featured_checkout_dj_creates_stripe_url" time="0.434" /><testcase classname="backend.tests.test_stripe_email_featured.TestDJFeaturedCheckout" name="test_featured_checkout_amount_is_49" time="0.409" /><testcase classname="backend.tests.test_stripe_email_featured.TestDJFeaturedStatus" name="test_featured_status_requires_auth" time="0.056" /><testcase classname="backend.tests.test_stripe_email_featured.TestDJFeaturedStatus" name="test_featured_status_returns_structure" time="0.735" /><testcase classname="backend.tests.test_stripe_email_featured.TestDJProfilesSorting" name="test_dj_profiles_returns_list" time="0.070" /><testcase classname="backend.tests.test_stripe_email_featured.TestDJProfilesSorting" name="test_dj_profiles_featured_first" time="0.057" /><testcase classname="backend.tests.test_stripe_email_featured.TestDJProfilesSorting" name="test_dj_profiles_have_expected_fields" time="0.060" /></testsuite></testsuites>