<?xml version="1.0" encoding="utf-8"?><testsuites name="pytest tests"><testsuite name="pytest" errors="0" failures="0" skipped="0" tests="13" time="4.074" timestamp="2026-03-05T21:26:45.077477+00:00" hostname="agent-env-d8d6b4e7-86b6-4461-8d51-0e6705df1f60"><testcase classname="tests.test_p1_p2_features.TestAuthEndpoints" name="test_login_endpoint_works" time="0.420" /><testcase classname="tests.test_p1_p2_features.TestAuthEndpoints" name="test_login_invalid_credentials" time="0.150" /><testcase classname="tests.test_p1_p2_features.TestAuthEndpoints" name="test_forgot_password_endpoint_works" time="0.115" /><testcase classname="tests.test_p1_p2_features.TestAuthEndpoints" name="test_forgot_password_non_existent_email" time="0.112" /><testcase classname="tests.test_p1_p2_features.TestDJWalletEndpoints" name="test_get_dj_wallet" time="0.467" /><testcase classname="tests.test_p1_p2_features.TestDJWalletEndpoints" name="test_get_dj_withdrawals" time="0.447" /><testcase classname="tests.test_p1_p2_features.TestDJWalletEndpoints" name="test_get_dj_earnings" time="0.477" /><testcase classname="tests.test_p1_p2_features.TestMessagesEndpoints" name="test_get_conversations" time="0.520" /><testcase classname="tests.test_p1_p2_features.TestReviewEndpoints" name="test_get_dj_reviews_without_auth" time="0.280" /><testcase classname="tests.test_p1_p2_features.TestDJProfileEndpoints" name="test_get_dj_profiles_list" time="0.151" /><testcase classname="tests.test_p1_p2_features.TestDJProfileEndpoints" name="test_get_my_dj_profile" time="0.448" /><testcase classname="tests.test_p1_p2_features.TestPaymentConfig" name="test_get_payment_config" time="0.097" /><testcase classname="tests.test_p1_p2_features.TestWebSocketEndpoint" name="test_websocket_endpoint_responds" time="0.334" /></testsuite></testsuites>