<?xml version="1.0" encoding="utf-8"?><testsuites name="pytest tests"><testsuite name="pytest" errors="0" failures="0" skipped="0" tests="19" time="6.247" timestamp="2026-03-05T20:07:55.919186+00:00" hostname="agent-env-8fc190cc-b9e4-4c35-96d1-d9c2f26f6f6f"><testcase classname="backend.tests.test_iteration2.TestHealthAndConfig" name="test_health_endpoint" time="0.166" /><testcase classname="backend.tests.test_iteration2.TestHealthAndConfig" name="test_payment_config" time="0.126" /><testcase classname="backend.tests.test_iteration2.TestAuthAndUsers" name="test_login_dj_test_user" time="0.373" /><testcase classname="backend.tests.test_iteration2.TestDJWithdrawalSystem" name="test_get_dj_wallet" time="0.454" /><testcase classname="backend.tests.test_iteration2.TestDJWithdrawalSystem" name="test_withdrawal_minimum_validation" time="0.473" /><testcase classname="backend.tests.test_iteration2.TestDJWithdrawalSystem" name="test_withdrawal_iban_required_for_bank" time="0.492" /><testcase classname="backend.tests.test_iteration2.TestDJWithdrawalSystem" name="test_withdrawal_paypal_email_required" time="0.467" /><testcase classname="backend.tests.test_iteration2.TestDJWithdrawalSystem" name="test_withdrawal_insufficient_balance" time="0.461" /><testcase classname="backend.tests.test_iteration2.TestDJWithdrawalSystem" name="test_get_withdrawal_history" time="0.455" /><testcase classname="backend.tests.test_iteration2.TestReviewsAPI" name="test_get_dj_reviews_no_dj" time="0.124" /><testcase classname="backend.tests.test_iteration2.TestReviewsAPI" name="test_get_dj_reviews_structure" time="0.809" /><testcase classname="backend.tests.test_iteration2.TestReviewsAPI" name="test_create_review_requires_organizer" time="0.450" /><testcase classname="backend.tests.test_iteration2.TestReviewsAPI" name="test_create_review_requires_completed_booking" time="0.511" /><testcase classname="backend.tests.test_iteration2.TestWebSocketEndpoint" name="test_websocket_endpoint_exists" time="0.228" /><testcase classname="backend.tests.test_iteration2.TestPayPalService" name="test_paypal_env_variables" time="0.129" /><testcase classname="backend.tests.test_iteration2.TestIBANValidation" name="test_valid_iban_formats" time="0.000" /><testcase classname="backend.tests.test_iteration2.TestMusicStylesAndEventTypes" name="test_dj_profiles_endpoint" time="0.166" /><testcase classname="backend.tests.test_iteration2.TestMusicStylesAndEventTypes" name="test_dj_search_by_city" time="0.151" /><testcase classname="backend.tests.test_iteration2.TestMusicStylesAndEventTypes" name="test_dj_search_by_music_style" time="0.133" /></testsuite></testsuites>